# JRE version: Java(TM) SE Runtime Environment (8.0_66-b17) (build 1.8.0_66-b17)
# Java VM: Java HotSpot(TM) Client VM (25.66-b17 mixed mode windows-x86 )
Heap:
 def new generation   total 39424K, used 15550K [0x04e00000, 0x078c0000, 0x0f8a0000)
  eden space 35072K,  32% used [0x04e00000, 0x05922538, 0x07040000)
  from space 4352K,  95% used [0x07040000, 0x0744d308, 0x07480000)
  to   space 4352K,   0% used [0x07480000, 0x07480000, 0x078c0000)
 tenured generation   total 87424K, used 28637K [0x0f8a0000, 0x14e00000, 0x24e00000)
   the space 87424K,  32% used [0x0f8a0000, 0x114975e8, 0x11497600, 0x14e00000)
 Metaspace       used 17772K, capacity 18234K, committed 18304K, reserved 18816K
GC Heap History (10 events):
Event: 5.105 GC heap before
{Heap before GC invocations=5 (full 0):
 def new generation   total 39296K, used 20352K [0x04e00000, 0x078a0000, 0x0f8a0000)
  eden space 34944K,  52% used [0x04e00000, 0x05fe5fe8, 0x07020000)
  from space 4352K,  46% used [0x07460000, 0x0765a278, 0x078a0000)
  to   space 4352K,   0% used [0x07020000, 0x07020000, 0x07460000)
 tenured generation   total 87424K, used 14046K [0x0f8a0000, 0x14e00000, 0x24e00000)
   the space 87424K,  16% used [0x0f8a0000, 0x10657940, 0x10657a00, 0x14e00000)
 Metaspace       used 11946K, capacity 12267K, committed 12288K, reserved 12672K
Event: 5.131 GC heap after
Heap after GC invocations=6 (full 1):
 def new generation   total 39424K, used 0K [0x04e00000, 0x078c0000, 0x0f8a0000)
  eden space 35072K,   0% used [0x04e00000, 0x04e00000, 0x07040000)
  from space 4352K,   0% used [0x07040000, 0x07040000, 0x07480000)
  to   space 4352K,   0% used [0x07480000, 0x07480000, 0x078c0000)
 tenured generation   total 87424K, used 17581K [0x0f8a0000, 0x14e00000, 0x24e00000)
   the space 87424K,  20% used [0x0f8a0000, 0x109cb610, 0x109cb800, 0x14e00000)
 Metaspace       used 11946K, capacity 12267K, committed 12288K, reserved 12672K
}
Event: 6.267 GC heap before
{Heap before GC invocations=6 (full 1):
 def new generation   total 39424K, used 35072K [0x04e00000, 0x078c0000, 0x0f8a0000)
  eden space 35072K, 100% used [0x04e00000, 0x07040000, 0x07040000)
  from space 4352K,   0% used [0x07040000, 0x07040000, 0x07480000)
  to   space 4352K,   0% used [0x07480000, 0x07480000, 0x078c0000)
 tenured generation   total 87424K, used 17581K [0x0f8a0000, 0x14e00000, 0x24e00000)
   the space 87424K,  20% used [0x0f8a0000, 0x109cb610, 0x109cb800, 0x14e00000)
 Metaspace       used 16019K, capacity 16384K, committed 16512K, reserved 16768K
Event: 6.277 GC heap after
Heap after GC invocations=7 (full 1):
 def new generation   total 39424K, used 4352K [0x04e00000, 0x078c0000, 0x0f8a0000)
  eden space 35072K,   0% used [0x04e00000, 0x04e00000, 0x07040000)
  from space 4352K, 100% used [0x07480000, 0x078c0000, 0x078c0000)
  to   space 4352K,   0% used [0x07040000, 0x07040000, 0x07480000)
 tenured generation   total 87424K, used 18795K [0x0f8a0000, 0x14e00000, 0x24e00000)
   the space 87424K,  21% used [0x0f8a0000, 0x10afac50, 0x10afae00, 0x14e00000)
 Metaspace       used 16019K, capacity 16384K, committed 16512K, reserved 16768K
}
Event: 26.615 GC heap before
{Heap before GC invocations=7 (full 1):
 def new generation   total 39424K, used 39424K [0x04e00000, 0x078c0000, 0x0f8a0000)
  eden space 35072K, 100% used [0x04e00000, 0x07040000, 0x07040000)
  from space 4352K, 100% used [0x07480000, 0x078c0000, 0x078c0000)
  to   space 4352K,   0% used [0x07040000, 0x07040000, 0x07480000)
 tenured generation   total 87424K, used 18795K [0x0f8a0000, 0x14e00000, 0x24e00000)
   the space 87424K,  21% used [0x0f8a0000, 0x10afac50, 0x10afae00, 0x14e00000)
 Metaspace       used 17538K, capacity 17953K, committed 18048K, reserved 18816K
Event: 26.624 GC heap after
Heap after GC invocations=8 (full 1):
 def new generation   total 39424K, used 4352K [0x04e00000, 0x078c0000, 0x0f8a0000)
  eden space 35072K,   0% used [0x04e00000, 0x04e00000, 0x07040000)
  from space 4352K, 100% used [0x07040000, 0x07480000, 0x07480000)
  to   space 4352K,   0% used [0x07480000, 0x07480000, 0x078c0000)
 tenured generation   total 87424K, used 24804K [0x0f8a0000, 0x14e00000, 0x24e00000)
   the space 87424K,  28% used [0x0f8a0000, 0x110d9040, 0x110d9200, 0x14e00000)
 Metaspace       used 17538K, capacity 17953K, committed 18048K, reserved 18816K
}
Event: 27.626 GC heap before
{Heap before GC invocations=8 (full 1):
 def new generation   total 39424K, used 39424K [0x04e00000, 0x078c0000, 0x0f8a0000)
  eden space 35072K, 100% used [0x04e00000, 0x07040000, 0x07040000)
  from space 4352K, 100% used [0x07040000, 0x07480000, 0x07480000)
  to   space 4352K,   0% used [0x07480000, 0x07480000, 0x078c0000)
 tenured generation   total 87424K, used 24804K [0x0f8a0000, 0x14e00000, 0x24e00000)
   the space 87424K,  28% used [0x0f8a0000, 0x110d9040, 0x110d9200, 0x14e00000)
 Metaspace       used 17545K, capacity 17985K, committed 18048K, reserved 18816K
Event: 27.633 GC heap after
Heap after GC invocations=9 (full 1):
 def new generation   total 39424K, used 1360K [0x04e00000, 0x078c0000, 0x0f8a0000)
  eden space 35072K,   0% used [0x04e00000, 0x04e00000, 0x07040000)
  from space 4352K,  31% used [0x07480000, 0x075d4330, 0x078c0000)
  to   space 4352K,   0% used [0x07040000, 0x07040000, 0x07480000)
 tenured generation   total 87424K, used 28637K [0x0f8a0000, 0x14e00000, 0x24e00000)
   the space 87424K,  32% used [0x0f8a0000, 0x114975e8, 0x11497600, 0x14e00000)
 Metaspace       used 17545K, capacity 17985K, committed 18048K, reserved 18816K
}
Event: 41.537 GC heap before
{Heap before GC invocations=9 (full 1):
 def new generation   total 39424K, used 36432K [0x04e00000, 0x078c0000, 0x0f8a0000)
  eden space 35072K, 100% used [0x04e00000, 0x07040000, 0x07040000)
  from space 4352K,  31% used [0x07480000, 0x075d4330, 0x078c0000)
  to   space 4352K,   0% used [0x07040000, 0x07040000, 0x07480000)
 tenured generation   total 87424K, used 28637K [0x0f8a0000, 0x14e00000, 0x24e00000)
   the space 87424K,  32% used [0x0f8a0000, 0x114975e8, 0x11497600, 0x14e00000)
 Metaspace       used 17769K, capacity 18234K, committed 18304K, reserved 18816K
Event: 41.543 GC heap after
Heap after GC invocations=10 (full 1):
 def new generation   total 39424K, used 4148K [0x04e00000, 0x078c0000, 0x0f8a0000)
  eden space 35072K,   0% used [0x04e00000, 0x04e00000, 0x07040000)
  from space 4352K,  95% used [0x07040000, 0x0744d308, 0x07480000)
  to   space 4352K,   0% used [0x07480000, 0x07480000, 0x078c0000)
 tenured generation   total 87424K, used 28637K [0x0f8a0000, 0x14e00000, 0x24e00000)
   the space 87424K,  32% used [0x0f8a0000, 0x114975e8, 0x11497600, 0x14e00000)
 Metaspace       used 17769K, capacity 18234K, committed 18304K, reserved 18816K
}

